<?xml version="1.0" encoding="UTF-8"?>
<!-- Generated by org.testng.reporters.JUnitReportReporter -->
<testsuite hostname="DESKTOP-1S6GU8I" failures="0" tests="1" name="com.example.CalculatorTest" time="0.012" errors="0" timestamp="2025-02-13T17:23:34 IST" skipped="0">
  <testcase classname="com.example.CalculatorTest" name="testAdd" time="0.012"/>
  <system-out/>
</testsuite> <!-- com.example.CalculatorTest -->
